  Using bundled DotNet SDK version: 6.0.302
  Running UnrealBuildTool: dotnet "..\..\Engine\Binaries\DotNET\UnrealBuildTool\UnrealBuildTool.dll" Infernal_IllusionEditor Win64 Development -Project="C:\Users\George Edmon\Documents\Unreal Projects\Infernal_Illusion\Infernal_Illusion\Infernal_Illusion.uproject" -WaitMutex -FromMsBuild
  Log file: C:\Users\George Edmon\AppData\Local\UnrealBuildTool\Log.txt
  Using 'git status' to determine working set for adaptive non-unity build (C:\Users\George Edmon\Documents\Unreal Projects\Infernal_Illusion).
  Building Infernal_IllusionEditor...
  Using Visual Studio 2022 14.34.31946 toolchain (C:\Program Files\Microsoft Visual Studio\2022\Community\VC\Tools\MSVC\14.34.31933) and Windows 10.0.22621.0 SDK (C:\Program Files (x86)\Windows Kits\10).
  [Upgrade]
  [Upgrade] Using backward-compatible include order. The latest version of UE has changed the order of includes, which may require code changes. The current setting is:
  [Upgrade]     IncludeOrderVersion = EngineIncludeOrderVersion.Unreal5_0
  [Upgrade] Suppress this message by setting 'IncludeOrderVersion = EngineIncludeOrderVersion.Unreal5_2;' in Infernal_IllusionEditor.Target.cs.
  [Upgrade] Alternatively you can set this to 'EngineIncludeOrderVersion.Latest' to always use the latest include order. This will potentially cause compile errors when integrating new versions of the engine.
  [Upgrade]
  Determining max actions to execute in parallel (16 physical cores, 24 logical cores)
    Executing up to 16 processes, one per physical core
  Building 5 actions with 5 processes...
  [1/5] Compile [x64] Hook.gen.cpp
  [2/5] Compile [x64] Hook.cpp
  [3/5] Link [x64] UnrealEditor-Infernal_Illusion.lib
     Creating library C:\Users\George Edmon\Documents\Unreal Projects\Infernal_Illusion\Infernal_Illusion\Intermediate\Build\Win64\x64\UnrealEditor\Development\Infernal_Illusion\UnrealEditor-Infernal_Illusion.lib and object C:\Users\George Edmon\Documents\Unreal Projects\Infernal_Illusion\Infernal_Illusion\Intermediate\Build\Win64\x64\UnrealEditor\Development\Infernal_Illusion\UnrealEditor-Infernal_Illusion.exp
  [4/5] Link [x64] UnrealEditor-Infernal_Illusion.dll
     Creating library C:\Users\George Edmon\Documents\Unreal Projects\Infernal_Illusion\Infernal_Illusion\Intermediate\Build\Win64\x64\UnrealEditor\Development\Infernal_Illusion\UnrealEditor-Infernal_Illusion.suppressed.lib and object C:\Users\George Edmon\Documents\Unreal Projects\Infernal_Illusion\Infernal_Illusion\Intermediate\Build\Win64\x64\UnrealEditor\Development\Infernal_Illusion\UnrealEditor-Infernal_Illusion.suppressed.exp
  [5/5] WriteMetadata Infernal_IllusionEditor.target
  Total time in Parallel executor: 1.09 seconds
  Total execution time: 1.49 seconds
